[0m14:59:19.044277 [debug] [MainThread]: Sending event: {'category': 'dbt', 'action': 'invocation', 'label': 'start', 'context': [<snowplow_tracker.self_describing_json.SelfDescribingJson object at 0x108911f70>, <snowplow_tracker.self_describing_json.SelfDescribingJson object at 0x108f66c60>, <snowplow_tracker.self_describing_json.SelfDescribingJson object at 0x1069fa1b0>]}


============================== 14:59:19.058878 | 22ddf436-29fe-40b5-8e30-bbcc6ec13d68 ==============================
[0m14:59:19.058878 [info ] [MainThread]: Running with dbt=1.10.2
[0m14:59:19.059127 [debug] [MainThread]: running dbt with arguments {'printer_width': '80', 'indirect_selection': 'eager', 'write_json': 'True', 'log_cache_events': 'False', 'partial_parse': 'True', 'cache_selected_only': 'False', 'warn_error': 'None', 'debug': 'False', 'fail_fast': 'False', 'log_path': 'logs', 'profiles_dir': '/Users/Linda.Josephine.Claesson/.dbt', 'version_check': 'True', 'use_colors': 'True', 'use_experimental_parser': 'False', 'empty': 'None', 'quiet': 'False', 'no_print': 'None', 'warn_error_options': 'WarnErrorOptionsV2(error=[], warn=[], silence=[])', 'invocation_command': 'dbt init', 'static_parser': 'True', 'log_format': 'default', 'target_path': 'None', 'introspect': 'True', 'send_anonymous_usage_stats': 'True'}
[0m14:59:19.083303 [info ] [MainThread]: Creating dbt configuration folder at /Users/Linda.Josephine.Claesson/.dbt
[0m15:00:45.583109 [debug] [MainThread]: Starter project path: /Users/Linda.Josephine.Claesson/utsikt-dataprodukt/.venv/lib/python3.12/site-packages/dbt/include/starter_project
[0m15:00:45.592094 [info ] [MainThread]: 
Your new dbt project "utsikt_dbt" was created!

For more information on how to configure the profiles.yml file,
please consult the dbt documentation here:

  https://docs.getdbt.com/docs/configure-your-profile

One more thing:

Need help? Don't hesitate to reach out to us via GitHub issues or on Slack:

  https://community.getdbt.com/

Happy modeling!

[0m15:00:45.592507 [info ] [MainThread]: Setting up your profile.
[0m15:03:26.057012 [info ] [MainThread]: Profile utsikt_dbt written to /Users/Linda.Josephine.Claesson/.dbt/profiles.yml using target's profile_template.yml and your supplied values. Run 'dbt debug' to validate the connection.
[0m15:03:26.057886 [debug] [MainThread]: Resource report: {"command_name": "init", "command_success": true, "command_wall_clock_time": 247.0902, "process_in_blocks": "0", "process_kernel_time": 0.910935, "process_mem_max_rss": "492830720", "process_out_blocks": "0", "process_user_time": 4.810619}
[0m15:03:26.058524 [debug] [MainThread]: Command `dbt init` succeeded at 15:03:26.058433 after 247.09 seconds
[0m15:03:26.058849 [debug] [MainThread]: Sending event: {'category': 'dbt', 'action': 'invocation', 'label': 'end', 'context': [<snowplow_tracker.self_describing_json.SelfDescribingJson object at 0x108911f70>, <snowplow_tracker.self_describing_json.SelfDescribingJson object at 0x13ad63260>, <snowplow_tracker.self_describing_json.SelfDescribingJson object at 0x13a601df0>]}
[0m15:03:26.059181 [debug] [MainThread]: Flushing usage events
[0m15:03:26.485987 [debug] [MainThread]: An error was encountered while trying to flush usage events
[0m15:03:46.436762 [debug] [MainThread]: Sending event: {'category': 'dbt', 'action': 'invocation', 'label': 'start', 'context': [<snowplow_tracker.self_describing_json.SelfDescribingJson object at 0x108611460>, <snowplow_tracker.self_describing_json.SelfDescribingJson object at 0x1057d4aa0>, <snowplow_tracker.self_describing_json.SelfDescribingJson object at 0x1076f7200>]}


============================== 15:03:46.438332 | f6eb53c4-289a-4a84-b81e-9672a8a0c9bd ==============================
[0m15:03:46.438332 [info ] [MainThread]: Running with dbt=1.10.2
[0m15:03:46.438574 [debug] [MainThread]: running dbt with arguments {'printer_width': '80', 'indirect_selection': 'eager', 'log_cache_events': 'False', 'write_json': 'True', 'partial_parse': 'True', 'cache_selected_only': 'False', 'profiles_dir': '/Users/Linda.Josephine.Claesson/.dbt', 'fail_fast': 'False', 'debug': 'False', 'log_path': 'logs', 'version_check': 'True', 'warn_error': 'None', 'use_colors': 'True', 'use_experimental_parser': 'False', 'no_print': 'None', 'quiet': 'False', 'empty': 'None', 'warn_error_options': 'WarnErrorOptionsV2(error=[], warn=[], silence=[])', 'static_parser': 'True', 'introspect': 'True', 'invocation_command': 'dbt debug', 'target_path': 'None', 'log_format': 'default', 'send_anonymous_usage_stats': 'True'}
[0m15:03:46.444689 [info ] [MainThread]: dbt version: 1.10.2
[0m15:03:46.444834 [info ] [MainThread]: python version: 3.12.10
[0m15:03:46.445005 [info ] [MainThread]: python path: /Users/Linda.Josephine.Claesson/utsikt-dataprodukt/.venv/bin/python
[0m15:03:46.445182 [info ] [MainThread]: os info: macOS-15.5-arm64-arm-64bit
[0m15:03:47.166143 [info ] [MainThread]: Using profiles dir at /Users/Linda.Josephine.Claesson/.dbt
[0m15:03:47.166348 [info ] [MainThread]: Using profiles.yml file at /Users/Linda.Josephine.Claesson/.dbt/profiles.yml
[0m15:03:47.166469 [info ] [MainThread]: Using dbt_project.yml file at /Users/Linda.Josephine.Claesson/utsikt-dataprodukt/dbt_project.yml
[0m15:03:47.166561 [info ] [MainThread]: adapter type: bigquery
[0m15:03:47.166658 [info ] [MainThread]: adapter version: 1.9.2
[0m15:03:47.166757 [info ] [MainThread]: Configuration:
[0m15:03:47.166849 [info ] [MainThread]:   profiles.yml file [[32mOK found and valid[0m]
[0m15:03:47.166938 [info ] [MainThread]:   dbt_project.yml file [[31mERROR not found[0m]
[0m15:03:47.167026 [info ] [MainThread]: Required dependencies:
[0m15:03:47.167162 [debug] [MainThread]: Executing "git --help"
[0m15:03:47.181513 [debug] [MainThread]: STDOUT: "b"usage: git [-v | --version] [-h | --help] [-C <path>] [-c <name>=<value>]\n           [--exec-path[=<path>]] [--html-path] [--man-path] [--info-path]\n           [-p | --paginate | -P | --no-pager] [--no-replace-objects] [--bare]\n           [--git-dir=<path>] [--work-tree=<path>] [--namespace=<name>]\n           [--super-prefix=<path>] [--config-env=<name>=<envvar>]\n           <command> [<args>]\n\nThese are common Git commands used in various situations:\n\nstart a working area (see also: git help tutorial)\n   clone     Clone a repository into a new directory\n   init      Create an empty Git repository or reinitialize an existing one\n\nwork on the current change (see also: git help everyday)\n   add       Add file contents to the index\n   mv        Move or rename a file, a directory, or a symlink\n   restore   Restore working tree files\n   rm        Remove files from the working tree and from the index\n\nexamine the history and state (see also: git help revisions)\n   bisect    Use binary search to find the commit that introduced a bug\n   diff      Show changes between commits, commit and working tree, etc\n   grep      Print lines matching a pattern\n   log       Show commit logs\n   show      Show various types of objects\n   status    Show the working tree status\n\ngrow, mark and tweak your common history\n   branch    List, create, or delete branches\n   commit    Record changes to the repository\n   merge     Join two or more development histories together\n   rebase    Reapply commits on top of another base tip\n   reset     Reset current HEAD to the specified state\n   switch    Switch branches\n   tag       Create, list, delete or verify a tag object signed with GPG\n\ncollaborate (see also: git help workflows)\n   fetch     Download objects and refs from another repository\n   pull      Fetch from and integrate with another repository or a local branch\n   push      Update remote refs along with associated objects\n\n'git help -a' and 'git help -g' list available subcommands and some\nconcept guides. See 'git help <command>' or 'git help <concept>'\nto read about a specific subcommand or concept.\nSee 'git help git' for an overview of the system.\n""
[0m15:03:47.182089 [debug] [MainThread]: STDERR: "b''"
[0m15:03:47.182225 [info ] [MainThread]:  - git [[32mOK found[0m]

[0m15:03:47.182344 [info ] [MainThread]: Connection:
[0m15:03:47.182502 [info ] [MainThread]:   method: oauth
[0m15:03:47.182592 [info ] [MainThread]:   database: utsikt-dev-3609
[0m15:03:47.182691 [info ] [MainThread]:   execution_project: utsikt-dev-3609
[0m15:03:47.182779 [info ] [MainThread]:   schema: venteregister
[0m15:03:47.182867 [info ] [MainThread]:   location: EU
[0m15:03:47.182957 [info ] [MainThread]:   priority: interactive
[0m15:03:47.183045 [info ] [MainThread]:   maximum_bytes_billed: None
[0m15:03:47.183133 [info ] [MainThread]:   impersonate_service_account: None
[0m15:03:47.183219 [info ] [MainThread]:   job_retry_deadline_seconds: None
[0m15:03:47.183297 [info ] [MainThread]:   job_retries: 1
[0m15:03:47.183376 [info ] [MainThread]:   job_creation_timeout_seconds: None
[0m15:03:47.183469 [info ] [MainThread]:   job_execution_timeout_seconds: 300
[0m15:03:47.183547 [info ] [MainThread]:   timeout_seconds: 300
[0m15:03:47.183625 [info ] [MainThread]:   client_id: None
[0m15:03:47.183709 [info ] [MainThread]:   token_uri: None
[0m15:03:47.183790 [info ] [MainThread]:   compute_region: None
[0m15:03:47.183876 [info ] [MainThread]:   dataproc_cluster_name: None
[0m15:03:47.183955 [info ] [MainThread]:   gcs_bucket: None
[0m15:03:47.184032 [info ] [MainThread]:   dataproc_batch: None
[0m15:03:47.184287 [info ] [MainThread]: Registered adapter: bigquery=1.9.2
[0m15:03:47.265349 [debug] [MainThread]: Acquiring new bigquery connection 'debug'
[0m15:03:47.265618 [debug] [MainThread]: On debug: select 1 as id
[0m15:03:47.265740 [debug] [MainThread]: Opening a new connection, currently in state init
[0m15:03:48.143853 [info ] [MainThread]:   Connection test: [[31mERROR[0m]

[0m15:03:48.144378 [info ] [MainThread]: [31m2 checks failed:[0m
[0m15:03:48.144573 [info ] [MainThread]: Project loading failed for the following reason:
 project path </Users/Linda.Josephine.Claesson/utsikt-dataprodukt/dbt_project.yml> not found

[0m15:03:48.144760 [info ] [MainThread]: dbt was unable to connect to the specified database.
The database returned the following error:

  >Database Error
  Unable to generate access token, if you're using impersonate_service_account, make sure your initial account has the "roles/iam.serviceAccountTokenCreator" role on the account you are trying to impersonate.
  
  Reauthentication is needed. Please run `gcloud auth application-default login` to reauthenticate.

Check your database credentials and try again. For more information, visit:
https://docs.getdbt.com/docs/configure-your-profile


[0m15:03:48.145220 [debug] [MainThread]: Resource report: {"command_name": "debug", "command_success": false, "command_wall_clock_time": 1.7306062, "process_in_blocks": "0", "process_kernel_time": 0.239561, "process_mem_max_rss": "361037824", "process_out_blocks": "0", "process_user_time": 1.090937}
[0m15:03:48.145548 [debug] [MainThread]: Command `dbt debug` failed at 15:03:48.145482 after 1.73 seconds
[0m15:03:48.145779 [debug] [MainThread]: Connection 'debug' was properly closed.
[0m15:03:48.146001 [debug] [MainThread]: Sending event: {'category': 'dbt', 'action': 'invocation', 'label': 'end', 'context': [<snowplow_tracker.self_describing_json.SelfDescribingJson object at 0x132a1e900>, <snowplow_tracker.self_describing_json.SelfDescribingJson object at 0x1347b91f0>, <snowplow_tracker.self_describing_json.SelfDescribingJson object at 0x134d43c20>]}
[0m15:03:48.146251 [debug] [MainThread]: Flushing usage events
[0m15:03:48.546602 [debug] [MainThread]: An error was encountered while trying to flush usage events
[0m15:04:21.103625 [debug] [MainThread]: Sending event: {'category': 'dbt', 'action': 'invocation', 'label': 'start', 'context': [<snowplow_tracker.self_describing_json.SelfDescribingJson object at 0x1091a24b0>, <snowplow_tracker.self_describing_json.SelfDescribingJson object at 0x10960a0c0>, <snowplow_tracker.self_describing_json.SelfDescribingJson object at 0x108e3f860>]}


============================== 15:04:21.105236 | 2c23299d-8958-4e87-be5a-0f50fdacd5ae ==============================
[0m15:04:21.105236 [info ] [MainThread]: Running with dbt=1.10.2
[0m15:04:21.105481 [debug] [MainThread]: running dbt with arguments {'printer_width': '80', 'indirect_selection': 'eager', 'log_cache_events': 'False', 'write_json': 'True', 'partial_parse': 'True', 'cache_selected_only': 'False', 'warn_error': 'None', 'version_check': 'True', 'profiles_dir': '/Users/Linda.Josephine.Claesson/.dbt', 'log_path': 'logs', 'fail_fast': 'False', 'debug': 'False', 'use_colors': 'True', 'use_experimental_parser': 'False', 'empty': 'None', 'quiet': 'False', 'no_print': 'None', 'warn_error_options': 'WarnErrorOptionsV2(error=[], warn=[], silence=[])', 'introspect': 'True', 'invocation_command': 'dbt debug', 'static_parser': 'True', 'target_path': 'None', 'log_format': 'default', 'send_anonymous_usage_stats': 'True'}
[0m15:04:21.109677 [info ] [MainThread]: dbt version: 1.10.2
[0m15:04:21.109827 [info ] [MainThread]: python version: 3.12.10
[0m15:04:21.109938 [info ] [MainThread]: python path: /Users/Linda.Josephine.Claesson/utsikt-dataprodukt/.venv/bin/python
[0m15:04:21.110035 [info ] [MainThread]: os info: macOS-15.5-arm64-arm-64bit
[0m15:04:21.830331 [info ] [MainThread]: Using profiles dir at /Users/Linda.Josephine.Claesson/.dbt
[0m15:04:21.830549 [info ] [MainThread]: Using profiles.yml file at /Users/Linda.Josephine.Claesson/.dbt/profiles.yml
[0m15:04:21.830672 [info ] [MainThread]: Using dbt_project.yml file at /Users/Linda.Josephine.Claesson/utsikt-dataprodukt/dbt_project.yml
[0m15:04:21.830779 [info ] [MainThread]: adapter type: bigquery
[0m15:04:21.830878 [info ] [MainThread]: adapter version: 1.9.2
[0m15:04:21.830978 [info ] [MainThread]: Configuration:
[0m15:04:21.831068 [info ] [MainThread]:   profiles.yml file [[32mOK found and valid[0m]
[0m15:04:21.831159 [info ] [MainThread]:   dbt_project.yml file [[31mERROR not found[0m]
[0m15:04:21.831243 [info ] [MainThread]: Required dependencies:
[0m15:04:21.831376 [debug] [MainThread]: Executing "git --help"
[0m15:04:21.845297 [debug] [MainThread]: STDOUT: "b"usage: git [-v | --version] [-h | --help] [-C <path>] [-c <name>=<value>]\n           [--exec-path[=<path>]] [--html-path] [--man-path] [--info-path]\n           [-p | --paginate | -P | --no-pager] [--no-replace-objects] [--bare]\n           [--git-dir=<path>] [--work-tree=<path>] [--namespace=<name>]\n           [--super-prefix=<path>] [--config-env=<name>=<envvar>]\n           <command> [<args>]\n\nThese are common Git commands used in various situations:\n\nstart a working area (see also: git help tutorial)\n   clone     Clone a repository into a new directory\n   init      Create an empty Git repository or reinitialize an existing one\n\nwork on the current change (see also: git help everyday)\n   add       Add file contents to the index\n   mv        Move or rename a file, a directory, or a symlink\n   restore   Restore working tree files\n   rm        Remove files from the working tree and from the index\n\nexamine the history and state (see also: git help revisions)\n   bisect    Use binary search to find the commit that introduced a bug\n   diff      Show changes between commits, commit and working tree, etc\n   grep      Print lines matching a pattern\n   log       Show commit logs\n   show      Show various types of objects\n   status    Show the working tree status\n\ngrow, mark and tweak your common history\n   branch    List, create, or delete branches\n   commit    Record changes to the repository\n   merge     Join two or more development histories together\n   rebase    Reapply commits on top of another base tip\n   reset     Reset current HEAD to the specified state\n   switch    Switch branches\n   tag       Create, list, delete or verify a tag object signed with GPG\n\ncollaborate (see also: git help workflows)\n   fetch     Download objects and refs from another repository\n   pull      Fetch from and integrate with another repository or a local branch\n   push      Update remote refs along with associated objects\n\n'git help -a' and 'git help -g' list available subcommands and some\nconcept guides. See 'git help <command>' or 'git help <concept>'\nto read about a specific subcommand or concept.\nSee 'git help git' for an overview of the system.\n""
[0m15:04:21.845662 [debug] [MainThread]: STDERR: "b''"
[0m15:04:21.845775 [info ] [MainThread]:  - git [[32mOK found[0m]

[0m15:04:21.845890 [info ] [MainThread]: Connection:
[0m15:04:21.846025 [info ] [MainThread]:   method: oauth
[0m15:04:21.846112 [info ] [MainThread]:   database: utsikt-dev-3609
[0m15:04:21.846203 [info ] [MainThread]:   execution_project: utsikt-dev-3609
[0m15:04:21.846283 [info ] [MainThread]:   schema: venteregister
[0m15:04:21.846370 [info ] [MainThread]:   location: EU
[0m15:04:21.846458 [info ] [MainThread]:   priority: interactive
[0m15:04:21.846547 [info ] [MainThread]:   maximum_bytes_billed: None
[0m15:04:21.846632 [info ] [MainThread]:   impersonate_service_account: None
[0m15:04:21.846721 [info ] [MainThread]:   job_retry_deadline_seconds: None
[0m15:04:21.846804 [info ] [MainThread]:   job_retries: 1
[0m15:04:21.846891 [info ] [MainThread]:   job_creation_timeout_seconds: None
[0m15:04:21.846979 [info ] [MainThread]:   job_execution_timeout_seconds: 300
[0m15:04:21.847057 [info ] [MainThread]:   timeout_seconds: 300
[0m15:04:21.847141 [info ] [MainThread]:   client_id: None
[0m15:04:21.847228 [info ] [MainThread]:   token_uri: None
[0m15:04:21.847317 [info ] [MainThread]:   compute_region: None
[0m15:04:21.847399 [info ] [MainThread]:   dataproc_cluster_name: None
[0m15:04:21.847482 [info ] [MainThread]:   gcs_bucket: None
[0m15:04:21.847561 [info ] [MainThread]:   dataproc_batch: None
[0m15:04:21.847805 [info ] [MainThread]: Registered adapter: bigquery=1.9.2
[0m15:04:21.926093 [debug] [MainThread]: Acquiring new bigquery connection 'debug'
[0m15:04:21.926396 [debug] [MainThread]: On debug: select 1 as id
[0m15:04:21.926529 [debug] [MainThread]: Opening a new connection, currently in state init
[0m15:04:26.680050 [debug] [MainThread]: BigQuery adapter: https://console.cloud.google.com/bigquery?project=utsikt-dev-3609&j=bq:EU:e578d3b2-ce9b-4174-a1c6-af0519f5a514&page=queryresults
[0m15:04:27.442723 [info ] [MainThread]:   Connection test: [[32mOK connection ok[0m]

[0m15:04:27.443222 [info ] [MainThread]: [31m1 check failed:[0m
[0m15:04:27.443456 [info ] [MainThread]: Project loading failed for the following reason:
 project path </Users/Linda.Josephine.Claesson/utsikt-dataprodukt/dbt_project.yml> not found

[0m15:04:27.443996 [debug] [MainThread]: Resource report: {"command_name": "debug", "command_success": false, "command_wall_clock_time": 6.363602, "process_in_blocks": "0", "process_kernel_time": 0.266785, "process_mem_max_rss": "368803840", "process_out_blocks": "0", "process_user_time": 1.113629}
[0m15:04:27.444413 [debug] [MainThread]: Command `dbt debug` failed at 15:04:27.444326 after 6.36 seconds
[0m15:04:27.444728 [debug] [MainThread]: Connection 'debug' was properly closed.
[0m15:04:27.445006 [debug] [MainThread]: Sending event: {'category': 'dbt', 'action': 'invocation', 'label': 'end', 'context': [<snowplow_tracker.self_describing_json.SelfDescribingJson object at 0x1091a24b0>, <snowplow_tracker.self_describing_json.SelfDescribingJson object at 0x13ddf7bc0>, <snowplow_tracker.self_describing_json.SelfDescribingJson object at 0x13e940e60>]}
[0m15:04:27.445363 [debug] [MainThread]: Flushing usage events
[0m15:04:27.864069 [debug] [MainThread]: An error was encountered while trying to flush usage events
[0m16:27:47.823846 [debug] [MainThread]: Sending event: {'category': 'dbt', 'action': 'invocation', 'label': 'start', 'context': [<snowplow_tracker.self_describing_json.SelfDescribingJson object at 0x108f67c80>, <snowplow_tracker.self_describing_json.SelfDescribingJson object at 0x1088daa50>, <snowplow_tracker.self_describing_json.SelfDescribingJson object at 0x1088d90a0>]}


============================== 16:27:47.825563 | a788c8ce-6ee9-4237-b766-c8f36fc2fb7d ==============================
[0m16:27:47.825563 [info ] [MainThread]: Running with dbt=1.10.2
[0m16:27:47.825809 [debug] [MainThread]: running dbt with arguments {'printer_width': '80', 'indirect_selection': 'eager', 'write_json': 'True', 'log_cache_events': 'False', 'partial_parse': 'True', 'cache_selected_only': 'False', 'profiles_dir': '/Users/Linda.Josephine.Claesson/.dbt', 'version_check': 'True', 'debug': 'False', 'log_path': 'logs', 'fail_fast': 'False', 'warn_error': 'None', 'use_colors': 'True', 'use_experimental_parser': 'False', 'no_print': 'None', 'quiet': 'False', 'empty': 'None', 'log_format': 'default', 'invocation_command': 'dbt init', 'introspect': 'True', 'warn_error_options': 'WarnErrorOptionsV2(error=[], warn=[], silence=[])', 'target_path': 'None', 'static_parser': 'True', 'send_anonymous_usage_stats': 'True'}
[0m16:28:38.834893 [debug] [MainThread]: Starter project path: /Users/Linda.Josephine.Claesson/utsikt-dataprodukt/.venv/lib/python3.12/site-packages/dbt/include/starter_project
[0m16:28:38.845141 [info ] [MainThread]: 
Your new dbt project "dbt_utsikt" was created!

For more information on how to configure the profiles.yml file,
please consult the dbt documentation here:

  https://docs.getdbt.com/docs/configure-your-profile

One more thing:

Need help? Don't hesitate to reach out to us via GitHub issues or on Slack:

  https://community.getdbt.com/

Happy modeling!

[0m16:28:38.845574 [info ] [MainThread]: Setting up your profile.
[0m16:29:41.305088 [info ] [MainThread]: Profile dbt_utsikt written to /Users/Linda.Josephine.Claesson/.dbt/profiles.yml using target's profile_template.yml and your supplied values. Run 'dbt debug' to validate the connection.
[0m16:29:41.306112 [debug] [MainThread]: Resource report: {"command_name": "init", "command_success": true, "command_wall_clock_time": 113.504395, "process_in_blocks": "0", "process_kernel_time": 0.240357, "process_mem_max_rss": "357695488", "process_out_blocks": "0", "process_user_time": 1.062977}
[0m16:29:41.306856 [debug] [MainThread]: Command `dbt init` succeeded at 16:29:41.306756 after 113.51 seconds
[0m16:29:41.307240 [debug] [MainThread]: Sending event: {'category': 'dbt', 'action': 'invocation', 'label': 'end', 'context': [<snowplow_tracker.self_describing_json.SelfDescribingJson object at 0x109408530>, <snowplow_tracker.self_describing_json.SelfDescribingJson object at 0x12ebb2e10>, <snowplow_tracker.self_describing_json.SelfDescribingJson object at 0x12b5dd1c0>]}
[0m16:29:41.307588 [debug] [MainThread]: Flushing usage events
[0m16:29:41.730949 [debug] [MainThread]: An error was encountered while trying to flush usage events
[0m16:29:56.689223 [debug] [MainThread]: Sending event: {'category': 'dbt', 'action': 'invocation', 'label': 'start', 'context': [<snowplow_tracker.self_describing_json.SelfDescribingJson object at 0x106f6e7e0>, <snowplow_tracker.self_describing_json.SelfDescribingJson object at 0x107577fe0>, <snowplow_tracker.self_describing_json.SelfDescribingJson object at 0x107577d40>]}


============================== 16:29:56.690821 | 24f71f78-3ff0-4f68-9c74-8d97e19968e3 ==============================
[0m16:29:56.690821 [info ] [MainThread]: Running with dbt=1.10.2
[0m16:29:56.691078 [debug] [MainThread]: running dbt with arguments {'printer_width': '80', 'indirect_selection': 'eager', 'log_cache_events': 'False', 'write_json': 'True', 'partial_parse': 'True', 'cache_selected_only': 'False', 'warn_error': 'None', 'fail_fast': 'False', 'profiles_dir': '/Users/Linda.Josephine.Claesson/.dbt', 'log_path': 'logs', 'debug': 'False', 'version_check': 'True', 'use_colors': 'True', 'use_experimental_parser': 'False', 'empty': 'False', 'quiet': 'False', 'no_print': 'None', 'warn_error_options': 'WarnErrorOptionsV2(error=[], warn=[], silence=[])', 'static_parser': 'True', 'invocation_command': 'dbt run', 'log_format': 'default', 'target_path': 'None', 'introspect': 'True', 'send_anonymous_usage_stats': 'True'}
[0m16:29:56.691257 [error] [MainThread]: Encountered an error:
Runtime Error
  No dbt_project.yml found at expected path /Users/Linda.Josephine.Claesson/utsikt-dataprodukt/dbt_project.yml
  Verify that each entry within packages.yml (and their transitive dependencies) contains a file named dbt_project.yml
  
[0m16:29:56.691496 [debug] [MainThread]: Resource report: {"command_name": "run", "command_success": false, "command_wall_clock_time": 0.02489525, "process_in_blocks": "0", "process_kernel_time": 0.068812, "process_mem_max_rss": "106053632", "process_out_blocks": "0", "process_user_time": 0.425046}
[0m16:29:56.691660 [debug] [MainThread]: Command `dbt run` failed at 16:29:56.691629 after 0.03 seconds
[0m16:29:56.691769 [debug] [MainThread]: Sending event: {'category': 'dbt', 'action': 'invocation', 'label': 'end', 'context': [<snowplow_tracker.self_describing_json.SelfDescribingJson object at 0x1073d79e0>, <snowplow_tracker.self_describing_json.SelfDescribingJson object at 0x107525100>, <snowplow_tracker.self_describing_json.SelfDescribingJson object at 0x1075251c0>]}
[0m16:29:56.691867 [debug] [MainThread]: Flushing usage events
[0m16:29:57.122646 [debug] [MainThread]: An error was encountered while trying to flush usage events
